<?xml version="1.0" encoding="UTF-8"?>
<!-- Generated by org.testng.reporters.JUnitReportReporter -->
<testsuite hostname="MAA" failures="0" tests="1" name="packagemaven.Project_Maven.TestCase1_LoginFb" time="6.285" errors="0" timestamp="2024-12-11T19:21:16 IST" skipped="0">
  <testcase classname="packagemaven.Project_Maven.TestCase1_LoginFb" name="LaunchFB" time="6.285"/>
  <system-out/>
</testsuite> <!-- packagemaven.Project_Maven.TestCase1_LoginFb -->
