<?xml version="1.0" encoding="UTF-8"?>
<!-- Generated by org.testng.reporters.JUnitReportReporter -->
<testsuite hostname="MAA" failures="0" tests="1" name="packagemaven.Project_Maven.Launch_Chrome" time="3.970" errors="0" timestamp="2024-12-07T18:31:00 IST" skipped="0">
  <testcase classname="packagemaven.Project_Maven.Launch_Chrome" name="launchBrowser" time="3.970"/>
  <system-out/>
</testsuite> <!-- packagemaven.Project_Maven.Launch_Chrome -->
