<?xml version="1.0" encoding="UTF-8"?>
<!-- Generated by org.testng.reporters.JUnitReportReporter -->
<testsuite hostname="MAA" failures="0" tests="1" name="amazon_test_java.Add_WishList_TestCase4" time="69.728" errors="0" timestamp="2024-12-17T17:54:41 IST" skipped="0">
  <testcase classname="amazon_test_java.Add_WishList_TestCase4" name="add_to_wishList" time="69.728"/>
  <system-out/>
</testsuite> <!-- amazon_test_java.Add_WishList_TestCase4 -->
