<?xml version="1.0" encoding="UTF-8"?>
<!-- Generated by org.testng.reporters.JUnitReportReporter -->
<testsuite hostname="MAA" failures="0" tests="1" name="packagemaven.Project_Maven.TestCase2_FbLogin_Logout" time="39.357" errors="0" timestamp="2024-12-12T08:17:09 IST" skipped="0">
  <testcase classname="packagemaven.Project_Maven.TestCase2_FbLogin_Logout" name="LaunchFB" time="39.357"/>
  <system-out>
    <![CDATA[The test cases has been passed]]>
  </system-out>
</testsuite> <!-- packagemaven.Project_Maven.TestCase2_FbLogin_Logout -->
