<?xml version="1.0" encoding="UTF-8"?>
<!-- Generated by org.testng.reporters.JUnitReportReporter -->
<testsuite hostname="MAA" failures="0" tests="1" name="amazon_test_java.HomePage_TestCase1" time="17.232" errors="0" timestamp="2024-12-12T15:27:05 IST" skipped="0">
  <testcase classname="amazon_test_java.HomePage_TestCase1" name="clickOnLogin" time="17.232"/>
  <system-out/>
</testsuite> <!-- amazon_test_java.HomePage_TestCase1 -->
