<?xml version="1.0" encoding="UTF-8"?>
<!-- Generated by org.testng.reporters.JUnitReportReporter -->
<testsuite hostname="MAA" failures="0" tests="1" name="amazon_test_java.WishList_DetailsPage_TestCase5" time="70.523" errors="0" timestamp="2024-12-17T18:09:53 IST" skipped="0">
  <testcase classname="amazon_test_java.WishList_DetailsPage_TestCase5" name="add_to_cart_from_wishListDetails_page" time="70.523"/>
  <system-out/>
</testsuite> <!-- amazon_test_java.WishList_DetailsPage_TestCase5 -->
