<?xml version="1.0" encoding="UTF-8"?>
<!-- Generated by org.testng.reporters.JUnitReportReporter -->
<testsuite hostname="MAA" failures="0" tests="1" name="amazon_test_java.CreatingNewWishList_TestCase3" time="127.627" errors="0" timestamp="2024-12-17T17:52:40 IST" skipped="0">
  <testcase classname="amazon_test_java.CreatingNewWishList_TestCase3" name="searched_item_clicking" time="127.627"/>
  <system-out/>
</testsuite> <!-- amazon_test_java.CreatingNewWishList_TestCase3 -->
