<?xml version="1.0" encoding="UTF-8"?>
<!-- Generated by org.testng.reporters.JUnitReportReporter -->
<testsuite hostname="MAA" failures="0" tests="1" name="packagemaven.Project_Maven.Launch_Browser_Skeleton" time="17.650" errors="0" timestamp="2024-12-07T18:15:51 IST" skipped="0">
  <testcase classname="packagemaven.Project_Maven.Launch_Browser_Skeleton" name="launchBrowser" time="17.650"/>
  <system-out/>
</testsuite> <!-- packagemaven.Project_Maven.Launch_Browser_Skeleton -->
