<?xml version="1.0" encoding="UTF-8"?>
<!-- Generated by org.testng.reporters.JUnitReportReporter -->
<testsuite hostname="MAA" failures="0" tests="1" name="amazon_test_java.SearchItems_TestCase2" time="46.103" errors="0" timestamp="2024-12-12T17:30:31 IST" skipped="0">
  <testcase classname="amazon_test_java.SearchItems_TestCase2" name="loginAmazon_searchItems_" time="46.103"/>
  <system-out/>
</testsuite> <!-- amazon_test_java.SearchItems_TestCase2 -->
