<?xml version="1.0" encoding="UTF-8"?>
<!-- Generated by org.testng.reporters.JUnitReportReporter -->
<testsuite hostname="MAA" failures="0" tests="1" name="amazon_test_java.SearchedItems_TestCase3" time="43.858" errors="0" timestamp="2024-12-12T18:09:15 IST" skipped="0">
  <testcase classname="amazon_test_java.SearchedItems_TestCase3" name="searched_item_clicking" time="43.858"/>
  <system-out/>
</testsuite> <!-- amazon_test_java.SearchedItems_TestCase3 -->
