<?xml version="1.0" encoding="UTF-8"?>
<!-- Generated by org.testng.reporters.JUnitReportReporter -->
<testsuite hostname="MAA" failures="0" tests="1" name="amazon_test_java.Login_TestCase1" time="19.295" errors="0" timestamp="2024-12-12T17:00:56 IST" skipped="0">
  <testcase classname="amazon_test_java.Login_TestCase1" name="clickOnLogin" time="19.295"/>
  <system-out/>
</testsuite> <!-- amazon_test_java.Login_TestCase1 -->
