<?xml version="1.0" encoding="UTF-8"?>
<!-- Generated by org.testng.reporters.JUnitReportReporter -->
<testsuite hostname="MAA" failures="0" tests="1" name="packagemaven.Project_Maven.TestCase1_LoginFb" time="8.719" errors="0" timestamp="2024-12-15T10:11:04 IST" skipped="0">
  <testcase classname="packagemaven.Project_Maven.TestCase1_LoginFb" name="LaunchFB" time="8.719"/>
  <system-out>
    <![CDATA[The test cases has been passed]]>
  </system-out>
</testsuite> <!-- packagemaven.Project_Maven.TestCase1_LoginFb -->
